# JRE version: Java(TM) SE Runtime Environment (17.0.11+7) (build 17.0.11+7-LTS-207)
# Java VM: Java HotSpot(TM) 64-Bit Server VM (17.0.11+7-LTS-207, mixed mode, sharing, tiered, compressed oops, compressed class ptrs, g1 gc, windows-amd64)
GC Precious Log:
 CPUs: 8 total, 8 available
 Memory: 24407M
 Large Page Support: Disabled
 NUMA Support: Disabled
 Compressed Oops: Enabled (32-bit)
 Heap Region Size: 1M
 Heap Min Capacity: 8M
 Heap Initial Capacity: 382M
 Heap Max Capacity: 2G
 Pre-touch: Disabled
 Parallel Workers: 8
 Concurrent Workers: 2
 Concurrent Refinement Workers: 8
 Periodic GC: Disabled
Heap:
 garbage-first heap   total 391168K, used 212200K [0x0000000080000000, 0x0000000100000000)
  region size 1024K, 2 young (2048K), 2 survivors (2048K)
 Metaspace       used 182322K, committed 183744K, reserved 622592K
  class space    used 23594K, committed 24256K, reserved 425984K
GC Heap History (20 events):
Event: 194.511 GC heap after
{Heap after GC invocations=101 (full 0):
 garbage-first heap   total 299008K, used 182395K [0x0000000080000000, 0x0000000100000000)
  region size 1024K, 5 young (5120K), 5 survivors (5120K)
 Metaspace       used 171976K, committed 173248K, reserved 622592K
  class space    used 22445K, committed 23040K, reserved 425984K
}
Event: 196.152 GC heap before
{Heap before GC invocations=101 (full 0):
 garbage-first heap   total 299008K, used 262267K [0x0000000080000000, 0x0000000100000000)
  region size 1024K, 83 young (84992K), 5 survivors (5120K)
 Metaspace       used 175661K, committed 176960K, reserved 622592K
  class space    used 22927K, committed 23552K, reserved 425984K
}
Event: 196.157 GC heap after
{Heap after GC invocations=102 (full 0):
 garbage-first heap   total 299008K, used 187417K [0x0000000080000000, 0x0000000100000000)
  region size 1024K, 10 young (10240K), 10 survivors (10240K)
 Metaspace       used 175661K, committed 176960K, reserved 622592K
  class space    used 22927K, committed 23552K, reserved 425984K
}
Event: 202.340 GC heap before
{Heap before GC invocations=102 (full 0):
 garbage-first heap   total 299008K, used 257049K [0x0000000080000000, 0x0000000100000000)
  region size 1024K, 78 young (79872K), 10 survivors (10240K)
 Metaspace       used 179867K, committed 181184K, reserved 622592K
  class space    used 23392K, committed 24000K, reserved 425984K
}
Event: 202.354 GC heap after
{Heap after GC invocations=103 (full 0):
 garbage-first heap   total 299008K, used 195448K [0x0000000080000000, 0x0000000100000000)
  region size 1024K, 8 young (8192K), 8 survivors (8192K)
 Metaspace       used 179867K, committed 181184K, reserved 622592K
  class space    used 23392K, committed 24000K, reserved 425984K
}
Event: 203.881 GC heap before
{Heap before GC invocations=103 (full 0):
 garbage-first heap   total 299008K, used 255864K [0x0000000080000000, 0x0000000100000000)
  region size 1024K, 67 young (68608K), 8 survivors (8192K)
 Metaspace       used 180577K, committed 181952K, reserved 622592K
  class space    used 23430K, committed 24064K, reserved 425984K
}
Event: 203.891 GC heap after
{Heap after GC invocations=104 (full 0):
 garbage-first heap   total 299008K, used 201969K [0x0000000080000000, 0x0000000100000000)
  region size 1024K, 7 young (7168K), 7 survivors (7168K)
 Metaspace       used 180577K, committed 181952K, reserved 622592K
  class space    used 23430K, committed 24064K, reserved 425984K
}
Event: 204.345 GC heap before
{Heap before GC invocations=104 (full 0):
 garbage-first heap   total 299008K, used 256241K [0x0000000080000000, 0x0000000100000000)
  region size 1024K, 59 young (60416K), 7 survivors (7168K)
 Metaspace       used 181343K, committed 182720K, reserved 622592K
  class space    used 23529K, committed 24192K, reserved 425984K
}
Event: 204.353 GC heap after
{Heap after GC invocations=105 (full 0):
 garbage-first heap   total 299008K, used 209735K [0x0000000080000000, 0x0000000100000000)
  region size 1024K, 6 young (6144K), 6 survivors (6144K)
 Metaspace       used 181343K, committed 182720K, reserved 622592K
  class space    used 23529K, committed 24192K, reserved 425984K
}
Event: 204.459 GC heap before
{Heap before GC invocations=105 (full 0):
 garbage-first heap   total 299008K, used 254791K [0x0000000080000000, 0x0000000100000000)
  region size 1024K, 51 young (52224K), 6 survivors (6144K)
 Metaspace       used 181343K, committed 182720K, reserved 622592K
  class space    used 23529K, committed 24192K, reserved 425984K
}
Event: 204.464 GC heap after
{Heap after GC invocations=106 (full 0):
 garbage-first heap   total 299008K, used 210708K [0x0000000080000000, 0x0000000100000000)
  region size 1024K, 1 young (1024K), 1 survivors (1024K)
 Metaspace       used 181343K, committed 182720K, reserved 622592K
  class space    used 23529K, committed 24192K, reserved 425984K
}
Event: 204.537 GC heap before
{Heap before GC invocations=106 (full 0):
 garbage-first heap   total 299008K, used 257812K [0x0000000080000000, 0x0000000100000000)
  region size 1024K, 47 young (48128K), 1 survivors (1024K)
 Metaspace       used 181343K, committed 182720K, reserved 622592K
  class space    used 23529K, committed 24192K, reserved 425984K
}
Event: 204.539 GC heap after
{Heap after GC invocations=107 (full 0):
 garbage-first heap   total 299008K, used 211106K [0x0000000080000000, 0x0000000100000000)
  region size 1024K, 2 young (2048K), 2 survivors (2048K)
 Metaspace       used 181343K, committed 182720K, reserved 622592K
  class space    used 23529K, committed 24192K, reserved 425984K
}
Event: 204.615 GC heap before
{Heap before GC invocations=107 (full 0):
 garbage-first heap   total 299008K, used 259234K [0x0000000080000000, 0x0000000100000000)
  region size 1024K, 49 young (50176K), 2 survivors (2048K)
 Metaspace       used 181343K, committed 182720K, reserved 622592K
  class space    used 23529K, committed 24192K, reserved 425984K
}
Event: 204.617 GC heap after
{Heap after GC invocations=108 (full 0):
 garbage-first heap   total 299008K, used 211673K [0x0000000080000000, 0x0000000100000000)
  region size 1024K, 2 young (2048K), 2 survivors (2048K)
 Metaspace       used 181343K, committed 182720K, reserved 622592K
  class space    used 23529K, committed 24192K, reserved 425984K
}
Event: 204.941 GC heap before
{Heap before GC invocations=109 (full 0):
 garbage-first heap   total 373760K, used 261849K [0x0000000080000000, 0x0000000100000000)
  region size 1024K, 50 young (51200K), 2 survivors (2048K)
 Metaspace       used 182045K, committed 183424K, reserved 622592K
  class space    used 23591K, committed 24256K, reserved 425984K
}
Event: 204.945 GC heap after
{Heap after GC invocations=110 (full 0):
 garbage-first heap   total 373760K, used 214469K [0x0000000080000000, 0x0000000100000000)
  region size 1024K, 7 young (7168K), 7 survivors (7168K)
 Metaspace       used 182045K, committed 183424K, reserved 622592K
  class space    used 23591K, committed 24256K, reserved 425984K
}
Event: 204.993 GC heap before
{Heap before GC invocations=110 (full 0):
 garbage-first heap   total 373760K, used 224709K [0x0000000080000000, 0x0000000100000000)
  region size 1024K, 18 young (18432K), 7 survivors (7168K)
 Metaspace       used 182127K, committed 183552K, reserved 622592K
  class space    used 23593K, committed 24256K, reserved 425984K
}
Event: 204.999 GC heap after
{Heap after GC invocations=111 (full 0):
 garbage-first heap   total 373760K, used 211301K [0x0000000080000000, 0x0000000100000000)
  region size 1024K, 1 young (1024K), 1 survivors (1024K)
 Metaspace       used 182127K, committed 183552K, reserved 622592K
  class space    used 23593K, committed 24256K, reserved 425984K
}
Event: 205.342 GC heap before
{Heap before GC invocations=111 (full 0):
 garbage-first heap   total 373760K, used 317797K [0x0000000080000000, 0x0000000100000000)
  region size 1024K, 106 young (108544K), 1 survivors (1024K)
 Metaspace       used 182322K, committed 183744K, reserved 622592K
  class space    used 23594K, committed 24256K, reserved 425984K
}

