# JRE version: Java(TM) SE Runtime Environment (17.0.11+7) (build 17.0.11+7-LTS-207)
# Java VM: Java HotSpot(TM) 64-Bit Server VM (17.0.11+7-LTS-207, mixed mode, sharing, tiered, compressed oops, compressed class ptrs, g1 gc, windows-amd64)
GC Precious Log:
 CPUs: 8 total, 8 available
 Memory: 24407M
 Large Page Support: Disabled
 NUMA Support: Disabled
 Compressed Oops: Enabled (32-bit)
 Heap Region Size: 1M
 Heap Min Capacity: 8M
 Heap Initial Capacity: 382M
 Heap Max Capacity: 2G
 Pre-touch: Disabled
 Parallel Workers: 8
 Concurrent Workers: 2
 Concurrent Refinement Workers: 8
 Periodic GC: Disabled
Heap:
 garbage-first heap   total 391168K, used 146163K [0x0000000080000000, 0x0000000100000000)
  region size 1024K, 6 young (6144K), 6 survivors (6144K)
 Metaspace       used 106007K, committed 107200K, reserved 557056K
  class space    used 14936K, committed 15488K, reserved 425984K
GC Heap History (20 events):
Event: 13.378 GC heap after
{Heap after GC invocations=30 (full 0):
 garbage-first heap   total 234496K, used 91512K [0x0000000080000000, 0x0000000100000000)
  region size 1024K, 2 young (2048K), 2 survivors (2048K)
 Metaspace       used 78548K, committed 79296K, reserved 557056K
  class space    used 11051K, committed 11392K, reserved 425984K
}
Event: 14.015 GC heap before
{Heap before GC invocations=30 (full 0):
 garbage-first heap   total 234496K, used 167288K [0x0000000080000000, 0x0000000100000000)
  region size 1024K, 76 young (77824K), 2 survivors (2048K)
 Metaspace       used 83556K, committed 84352K, reserved 557056K
  class space    used 11717K, committed 12096K, reserved 425984K
}
Event: 14.018 GC heap after
{Heap after GC invocations=31 (full 0):
 garbage-first heap   total 234496K, used 93223K [0x0000000080000000, 0x0000000100000000)
  region size 1024K, 3 young (3072K), 3 survivors (3072K)
 Metaspace       used 83556K, committed 84352K, reserved 557056K
  class space    used 11717K, committed 12096K, reserved 425984K
}
Event: 16.475 GC heap before
{Heap before GC invocations=31 (full 0):
 garbage-first heap   total 234496K, used 173095K [0x0000000080000000, 0x0000000100000000)
  region size 1024K, 81 young (82944K), 3 survivors (3072K)
 Metaspace       used 85302K, committed 86144K, reserved 557056K
  class space    used 11983K, committed 12416K, reserved 425984K
}
Event: 16.481 GC heap after
{Heap after GC invocations=32 (full 0):
 garbage-first heap   total 234496K, used 98835K [0x0000000080000000, 0x0000000100000000)
  region size 1024K, 9 young (9216K), 9 survivors (9216K)
 Metaspace       used 85302K, committed 86144K, reserved 557056K
  class space    used 11983K, committed 12416K, reserved 425984K
}
Event: 17.033 GC heap before
{Heap before GC invocations=32 (full 0):
 garbage-first heap   total 234496K, used 177683K [0x0000000080000000, 0x0000000100000000)
  region size 1024K, 86 young (88064K), 9 survivors (9216K)
 Metaspace       used 89696K, committed 90624K, reserved 557056K
  class space    used 12783K, committed 13248K, reserved 425984K
}
Event: 17.039 GC heap after
{Heap after GC invocations=33 (full 0):
 garbage-first heap   total 234496K, used 101414K [0x0000000080000000, 0x0000000100000000)
  region size 1024K, 3 young (3072K), 3 survivors (3072K)
 Metaspace       used 89696K, committed 90624K, reserved 557056K
  class space    used 12783K, committed 13248K, reserved 425984K
}
Event: 18.631 GC heap before
{Heap before GC invocations=33 (full 0):
 garbage-first heap   total 234496K, used 182310K [0x0000000080000000, 0x0000000100000000)
  region size 1024K, 82 young (83968K), 3 survivors (3072K)
 Metaspace       used 94077K, committed 95040K, reserved 557056K
  class space    used 13377K, committed 13824K, reserved 425984K
}
Event: 18.636 GC heap after
{Heap after GC invocations=34 (full 0):
 garbage-first heap   total 234496K, used 105422K [0x0000000080000000, 0x0000000100000000)
  region size 1024K, 7 young (7168K), 7 survivors (7168K)
 Metaspace       used 94077K, committed 95040K, reserved 557056K
  class space    used 13377K, committed 13824K, reserved 425984K
}
Event: 19.528 GC heap before
{Heap before GC invocations=34 (full 0):
 garbage-first heap   total 234496K, used 186318K [0x0000000080000000, 0x0000000100000000)
  region size 1024K, 86 young (88064K), 7 survivors (7168K)
 Metaspace       used 99530K, committed 100480K, reserved 557056K
  class space    used 14128K, committed 14592K, reserved 425984K
}
Event: 19.536 GC heap after
{Heap after GC invocations=35 (full 0):
 garbage-first heap   total 234496K, used 112219K [0x0000000080000000, 0x0000000100000000)
  region size 1024K, 11 young (11264K), 11 survivors (11264K)
 Metaspace       used 99530K, committed 100480K, reserved 557056K
  class space    used 14128K, committed 14592K, reserved 425984K
}
Event: 20.270 GC heap before
{Heap before GC invocations=35 (full 0):
 garbage-first heap   total 234496K, used 186971K [0x0000000080000000, 0x0000000100000000)
  region size 1024K, 84 young (86016K), 11 survivors (11264K)
 Metaspace       used 101162K, committed 102208K, reserved 557056K
  class space    used 14392K, committed 14912K, reserved 425984K
}
Event: 20.285 GC heap after
{Heap after GC invocations=36 (full 0):
 garbage-first heap   total 234496K, used 123508K [0x0000000080000000, 0x0000000100000000)
  region size 1024K, 11 young (11264K), 11 survivors (11264K)
 Metaspace       used 101162K, committed 102208K, reserved 557056K
  class space    used 14392K, committed 14912K, reserved 425984K
}
Event: 21.083 GC heap before
{Heap before GC invocations=36 (full 0):
 garbage-first heap   total 234496K, used 186996K [0x0000000080000000, 0x0000000100000000)
  region size 1024K, 73 young (74752K), 11 survivors (11264K)
 Metaspace       used 103104K, committed 104256K, reserved 557056K
  class space    used 14621K, committed 15168K, reserved 425984K
}
Event: 21.095 GC heap after
{Heap after GC invocations=37 (full 0):
 garbage-first heap   total 234496K, used 132771K [0x0000000080000000, 0x0000000100000000)
  region size 1024K, 9 young (9216K), 9 survivors (9216K)
 Metaspace       used 103104K, committed 104256K, reserved 557056K
  class space    used 14621K, committed 15168K, reserved 425984K
}
Event: 21.795 GC heap before
{Heap before GC invocations=38 (full 0):
 garbage-first heap   total 237568K, used 188067K [0x0000000080000000, 0x0000000100000000)
  region size 1024K, 63 young (64512K), 9 survivors (9216K)
 Metaspace       used 104946K, committed 106112K, reserved 557056K
  class space    used 14828K, committed 15360K, reserved 425984K
}
Event: 21.809 GC heap after
{Heap after GC invocations=39 (full 0):
 garbage-first heap   total 237568K, used 141282K [0x0000000080000000, 0x0000000100000000)
  region size 1024K, 8 young (8192K), 8 survivors (8192K)
 Metaspace       used 104946K, committed 106112K, reserved 557056K
  class space    used 14828K, committed 15360K, reserved 425984K
}
Event: 21.828 GC heap before
{Heap before GC invocations=39 (full 0):
 garbage-first heap   total 237568K, used 143330K [0x0000000080000000, 0x0000000100000000)
  region size 1024K, 11 young (11264K), 8 survivors (8192K)
 Metaspace       used 105120K, committed 106368K, reserved 557056K
  class space    used 14847K, committed 15424K, reserved 425984K
}
Event: 21.837 GC heap after
{Heap after GC invocations=40 (full 0):
 garbage-first heap   total 237568K, used 142215K [0x0000000080000000, 0x0000000100000000)
  region size 1024K, 2 young (2048K), 2 survivors (2048K)
 Metaspace       used 105120K, committed 106368K, reserved 557056K
  class space    used 14847K, committed 15424K, reserved 425984K
}
Event: 22.287 GC heap before
{Heap before GC invocations=40 (full 0):
 garbage-first heap   total 237568K, used 192391K [0x0000000080000000, 0x0000000100000000)
  region size 1024K, 51 young (52224K), 2 survivors (2048K)
 Metaspace       used 106007K, committed 107200K, reserved 557056K
  class space    used 14936K, committed 15488K, reserved 425984K
}

